<?xml version="1.0" encoding="UTF-8"?>
<testng-results ignored="0" total="6" passed="6" failed="0" skipped="0">
  <reporter-output>
  </reporter-output>
  <suite started-at="2025-03-22T16:19:42 IST" name="Parallel and Crossbrowser Testing" finished-at="2025-03-22T16:19:58 IST" duration-ms="15888">
    <groups>
    </groups>
    <test started-at="2025-03-22T16:19:42 IST" name="Edge (IE) Test" finished-at="2025-03-22T16:19:50 IST" duration-ms="8527">
      <class name="Tests.Test1">
        <test-method is-config="true" signature="beforeSuite()[pri:0, instance:Tests.Test1@385e9564]" started-at="2025-03-22T16:19:42 IST" name="beforeSuite" finished-at="2025-03-22T16:19:42 IST" duration-ms="22" status="PASS">
          <reporter-output>
          </reporter-output>
        </test-method> <!-- beforeSuite -->
        <test-method is-config="true" signature="beforeTest(java.lang.String,java.lang.String)[pri:0, instance:Tests.Test1@385e9564]" started-at="2025-03-22T16:19:42 IST" name="beforeTest" finished-at="2025-03-22T16:19:46 IST" duration-ms="3782" status="PASS">
          <params>
            <param index="0">
              <value>
                <![CDATA[chrome]]>
              </value>
            </param>
            <param index="1">
              <value>
                <![CDATA[https://www.saucedemo.com/v1/]]>
              </value>
            </param>
          </params>
          <reporter-output>
          </reporter-output>
        </test-method> <!-- beforeTest -->
        <test-method is-config="true" signature="beforeMethod()[pri:0, instance:Tests.Test1@385e9564]" started-at="2025-03-22T16:19:46 IST" name="beforeMethod" finished-at="2025-03-22T16:19:46 IST" duration-ms="1" status="PASS">
          <reporter-output>
          </reporter-output>
        </test-method> <!-- beforeMethod -->
        <test-method signature="testPageLoad()[pri:1, instance:Tests.Test1@385e9564]" started-at="2025-03-22T16:19:46 IST" name="testPageLoad" finished-at="2025-03-22T16:19:46 IST" duration-ms="45" status="PASS">
          <reporter-output>
          </reporter-output>
        </test-method> <!-- testPageLoad -->
        <test-method is-config="true" signature="afterMethod()[pri:0, instance:Tests.Test1@385e9564]" started-at="2025-03-22T16:19:46 IST" name="afterMethod" finished-at="2025-03-22T16:19:46 IST" duration-ms="1" status="PASS">
          <reporter-output>
          </reporter-output>
        </test-method> <!-- afterMethod -->
        <test-method is-config="true" signature="beforeMethod()[pri:0, instance:Tests.Test1@385e9564]" started-at="2025-03-22T16:19:46 IST" name="beforeMethod" finished-at="2025-03-22T16:19:46 IST" duration-ms="0" status="PASS">
          <reporter-output>
          </reporter-output>
        </test-method> <!-- beforeMethod -->
        <test-method signature="loginSwagLabs()[pri:2, instance:Tests.Test1@385e9564]" started-at="2025-03-22T16:19:46 IST" name="loginSwagLabs" finished-at="2025-03-22T16:19:50 IST" duration-ms="4358" status="PASS">
          <reporter-output>
          </reporter-output>
        </test-method> <!-- loginSwagLabs -->
        <test-method is-config="true" signature="afterMethod()[pri:0, instance:Tests.Test1@385e9564]" started-at="2025-03-22T16:19:50 IST" name="afterMethod" finished-at="2025-03-22T16:19:50 IST" duration-ms="0" status="PASS">
          <reporter-output>
          </reporter-output>
        </test-method> <!-- afterMethod -->
        <test-method is-config="true" signature="afterTest()[pri:0, instance:Tests.Test1@385e9564]" started-at="2025-03-22T16:19:50 IST" name="afterTest" finished-at="2025-03-22T16:19:50 IST" duration-ms="254" status="PASS">
          <reporter-output>
          </reporter-output>
        </test-method> <!-- afterTest -->
        <test-method is-config="true" signature="afterSuite()[pri:0, instance:Tests.Test1@385e9564]" started-at="2025-03-22T16:19:58 IST" name="afterSuite" finished-at="2025-03-22T16:19:58 IST" duration-ms="0" status="PASS">
          <reporter-output>
          </reporter-output>
        </test-method> <!-- afterSuite -->
      </class> <!-- Tests.Test1 -->
    </test> <!-- Edge (IE) Test -->
    <test started-at="2025-03-22T16:19:42 IST" name="Firefox Test" finished-at="2025-03-22T16:19:55 IST" duration-ms="13176">
      <class name="Tests.Test1">
        <test-method is-config="true" signature="beforeTest(java.lang.String,java.lang.String)[pri:0, instance:Tests.Test1@399c4be1]" started-at="2025-03-22T16:19:42 IST" name="beforeTest" finished-at="2025-03-22T16:19:49 IST" duration-ms="7217" status="PASS">
          <params>
            <param index="0">
              <value>
                <![CDATA[edge]]>
              </value>
            </param>
            <param index="1">
              <value>
                <![CDATA[https://www.saucedemo.com/v1/]]>
              </value>
            </param>
          </params>
          <reporter-output>
          </reporter-output>
        </test-method> <!-- beforeTest -->
        <test-method is-config="true" signature="beforeMethod()[pri:0, instance:Tests.Test1@399c4be1]" started-at="2025-03-22T16:19:49 IST" name="beforeMethod" finished-at="2025-03-22T16:19:49 IST" duration-ms="0" status="PASS">
          <reporter-output>
          </reporter-output>
        </test-method> <!-- beforeMethod -->
        <test-method signature="testPageLoad()[pri:1, instance:Tests.Test1@399c4be1]" started-at="2025-03-22T16:19:49 IST" name="testPageLoad" finished-at="2025-03-22T16:19:49 IST" duration-ms="24" status="PASS">
          <reporter-output>
          </reporter-output>
        </test-method> <!-- testPageLoad -->
        <test-method is-config="true" signature="afterMethod()[pri:0, instance:Tests.Test1@399c4be1]" started-at="2025-03-22T16:19:49 IST" name="afterMethod" finished-at="2025-03-22T16:19:49 IST" duration-ms="1" status="PASS">
          <reporter-output>
          </reporter-output>
        </test-method> <!-- afterMethod -->
        <test-method is-config="true" signature="beforeMethod()[pri:0, instance:Tests.Test1@399c4be1]" started-at="2025-03-22T16:19:49 IST" name="beforeMethod" finished-at="2025-03-22T16:19:49 IST" duration-ms="1" status="PASS">
          <reporter-output>
          </reporter-output>
        </test-method> <!-- beforeMethod -->
        <test-method signature="loginSwagLabs()[pri:2, instance:Tests.Test1@399c4be1]" started-at="2025-03-22T16:19:49 IST" name="loginSwagLabs" finished-at="2025-03-22T16:19:54 IST" duration-ms="4485" status="PASS">
          <reporter-output>
          </reporter-output>
        </test-method> <!-- loginSwagLabs -->
        <test-method is-config="true" signature="afterMethod()[pri:0, instance:Tests.Test1@399c4be1]" started-at="2025-03-22T16:19:54 IST" name="afterMethod" finished-at="2025-03-22T16:19:54 IST" duration-ms="0" status="PASS">
          <reporter-output>
          </reporter-output>
        </test-method> <!-- afterMethod -->
        <test-method is-config="true" signature="afterTest()[pri:0, instance:Tests.Test1@399c4be1]" started-at="2025-03-22T16:19:54 IST" name="afterTest" finished-at="2025-03-22T16:19:55 IST" duration-ms="1420" status="PASS">
          <reporter-output>
          </reporter-output>
        </test-method> <!-- afterTest -->
      </class> <!-- Tests.Test1 -->
    </test> <!-- Firefox Test -->
    <test started-at="2025-03-22T16:19:42 IST" name="Chrome Test" finished-at="2025-03-22T16:19:58 IST" duration-ms="15888">
      <class name="Tests.Test1">
        <test-method is-config="true" signature="beforeTest(java.lang.String,java.lang.String)[pri:0, instance:Tests.Test1@fbd1f6]" started-at="2025-03-22T16:19:42 IST" name="beforeTest" finished-at="2025-03-22T16:19:51 IST" duration-ms="9354" status="PASS">
          <params>
            <param index="0">
              <value>
                <![CDATA[firefox]]>
              </value>
            </param>
            <param index="1">
              <value>
                <![CDATA[https://www.saucedemo.com/v1/]]>
              </value>
            </param>
          </params>
          <reporter-output>
          </reporter-output>
        </test-method> <!-- beforeTest -->
        <test-method is-config="true" signature="beforeMethod()[pri:0, instance:Tests.Test1@fbd1f6]" started-at="2025-03-22T16:19:51 IST" name="beforeMethod" finished-at="2025-03-22T16:19:51 IST" duration-ms="3" status="PASS">
          <reporter-output>
          </reporter-output>
        </test-method> <!-- beforeMethod -->
        <test-method signature="testPageLoad()[pri:1, instance:Tests.Test1@fbd1f6]" started-at="2025-03-22T16:19:51 IST" name="testPageLoad" finished-at="2025-03-22T16:19:51 IST" duration-ms="13" status="PASS">
          <reporter-output>
          </reporter-output>
        </test-method> <!-- testPageLoad -->
        <test-method is-config="true" signature="afterMethod()[pri:0, instance:Tests.Test1@fbd1f6]" started-at="2025-03-22T16:19:51 IST" name="afterMethod" finished-at="2025-03-22T16:19:51 IST" duration-ms="0" status="PASS">
          <reporter-output>
          </reporter-output>
        </test-method> <!-- afterMethod -->
        <test-method signature="loginSwagLabs()[pri:2, instance:Tests.Test1@fbd1f6]" started-at="2025-03-22T16:19:51 IST" name="loginSwagLabs" finished-at="2025-03-22T16:19:56 IST" duration-ms="4857" status="PASS">
          <reporter-output>
          </reporter-output>
        </test-method> <!-- loginSwagLabs -->
        <test-method is-config="true" signature="beforeMethod()[pri:0, instance:Tests.Test1@fbd1f6]" started-at="2025-03-22T16:19:51 IST" name="beforeMethod" finished-at="2025-03-22T16:19:51 IST" duration-ms="0" status="PASS">
          <reporter-output>
          </reporter-output>
        </test-method> <!-- beforeMethod -->
        <test-method is-config="true" signature="afterMethod()[pri:0, instance:Tests.Test1@fbd1f6]" started-at="2025-03-22T16:19:56 IST" name="afterMethod" finished-at="2025-03-22T16:19:56 IST" duration-ms="0" status="PASS">
          <reporter-output>
          </reporter-output>
        </test-method> <!-- afterMethod -->
        <test-method is-config="true" signature="afterTest()[pri:0, instance:Tests.Test1@fbd1f6]" started-at="2025-03-22T16:19:56 IST" name="afterTest" finished-at="2025-03-22T16:19:58 IST" duration-ms="1633" status="PASS">
          <reporter-output>
          </reporter-output>
        </test-method> <!-- afterTest -->
      </class> <!-- Tests.Test1 -->
    </test> <!-- Chrome Test -->
  </suite> <!-- Parallel and Crossbrowser Testing -->
</testng-results>
